<?xml version="1.0" encoding="UTF-8"?>
<testsuite name="StackTest" tests="5" skipped="0" failures="0" errors="0" timestamp="2021-10-14T15:45:00" hostname="thoughtpad" time="0.031">
  <properties/>
  <testcase name="WhenPushingTwiceSecondNumberIsEqualToFirstPushedNumber" classname="StackTest" time="0.025"/>
  <testcase name="WhenPoppingANumberSecondNumberChanges" classname="StackTest" time="0.001"/>
  <testcase name="WhenStackIsEmptyPoppingDoesNothing" classname="StackTest" time="0.001"/>
  <testcase name="WhenPoppingANumberTopNumberChanges" classname="StackTest" time="0.0"/>
  <testcase name="WhenPushingTopNumberIsEqualToPushedNumber" classname="StackTest" time="0.001"/>
  <system-out><![CDATA[]]></system-out>
  <system-err><![CDATA[]]></system-err>
</testsuite>
