<?xml version="1.0" encoding="UTF-8"?>
<testsuite name="StackTest" tests="5" skipped="0" failures="0" errors="0" timestamp="2021-10-16T19:57:26" hostname="DESKTOP-SRQN4L0" time="0.001">
  <properties/>
  <testcase name="whenPushingTopNumberIsEqualToPushedNumber" classname="StackTest" time="0.001"/>
  <testcase name="whenPushingTwiceSecondNumberIsEqualToFirstPushedNumber" classname="StackTest" time="0.0"/>
  <testcase name="whenPoppingANumberSecondNumberChanges" classname="StackTest" time="0.0"/>
  <testcase name="whenStackIsEmptyPoppingDoesNothing" classname="StackTest" time="0.0"/>
  <testcase name="whenPoppingANumberTopNumberChanges" classname="StackTest" time="0.0"/>
  <system-out><![CDATA[]]></system-out>
  <system-err><![CDATA[]]></system-err>
</testsuite>
