<?xml version="1.0" encoding="UTF-8"?>
<testsuite name="RegistersTest" tests="3" skipped="0" failures="0" errors="0" timestamp="2021-10-16T19:57:26" hostname="DESKTOP-SRQN4L0" time="0.0">
  <properties/>
  <testcase name="aCanBeStoredAndRecalled" classname="RegistersTest" time="0.0"/>
  <testcase name="bCanBeStoredAndRecalled" classname="RegistersTest" time="0.0"/>
  <testcase name="ipCanBeStoredAndRecalled" classname="RegistersTest" time="0.0"/>
  <system-out><![CDATA[]]></system-out>
  <system-err><![CDATA[]]></system-err>
</testsuite>
