<?xml version="1.0" encoding="UTF-8"?>
<testsuite name="AluTest" tests="19" skipped="0" failures="0" errors="0" timestamp="2021-10-16T19:57:26" hostname="DESKTOP-SRQN4L0" time="0.017">
  <properties/>
  <testcase name="fCodeIsAdditionThenResultIsAPlusB" classname="AluTest" time="0.014"/>
  <testcase name="fCodeIsUpdatedThenResultIsUpdated" classname="AluTest" time="0.0"/>
  <testcase name="fCodeIsFalseThenResultIsFalse" classname="AluTest" time="0.0"/>
  <testcase name="fCodeIsTrueThenResultIsTrue" classname="AluTest" time="0.0"/>
  <testcase name="fCodeIsXorThenResultIsAXorB" classname="AluTest" time="0.0"/>
  <testcase name="fCodeIsMultiplicationThenResultIsATimesB" classname="AluTest" time="0.0"/>
  <testcase name="fCodeIsPassBThenResultIsB" classname="AluTest" time="0.0"/>
  <testcase name="fCodeIsNotThenResultIsNotA" classname="AluTest" time="0.0"/>
  <testcase name="aIsUpdatedThenResultIsUpdated" classname="AluTest" time="0.0"/>
  <testcase name="fCodeIsPassAThenResultIsA" classname="AluTest" time="0.0"/>
  <testcase name="bIsUpdatedThenResultIsUpdated" classname="AluTest" time="0.0"/>
  <testcase name="fCodeIsSubtractionThenResultIsAMinusB" classname="AluTest" time="0.0"/>
  <testcase name="fCodeIsDivisionThenResultIsADividedByB" classname="AluTest" time="0.0"/>
  <testcase name="fCodeIsDecrementAThenResultIsAMinusOne" classname="AluTest" time="0.0"/>
  <testcase name="fCodeIsIncrementAThenResultIsAPlusOne" classname="AluTest" time="0.0"/>
  <testcase name="fCodeIsLeftShiftThenResultIsAShiftedLeftB" classname="AluTest" time="0.001"/>
  <testcase name="fCodeIsAndThenResultIsAAndB" classname="AluTest" time="0.0"/>
  <testcase name="fCodeIsRightShiftThenResultIsAShiftedRightB" classname="AluTest" time="0.0"/>
  <testcase name="fCodeIsOrThenResultIsAOrB" classname="AluTest" time="0.0"/>
  <system-out><![CDATA[]]></system-out>
  <system-err><![CDATA[]]></system-err>
</testsuite>
